# JRE version: Java(TM) SE Runtime Environment (15.0.2+7) (build 15.0.2+7-27)
# Java VM: Java HotSpot(TM) 64-Bit Server VM (15.0.2+7-27, mixed mode, sharing, tiered, compressed oops, g1 gc, windows-amd64)
GC Precious Log:
 CPUs: 8 total, 8 available
 Memory: 3984M
 Large Page Support: Disabled
 NUMA Support: Disabled
 Compressed Oops: Enabled (32-bit)
 Heap Region Size: 1M
 Heap Min Capacity: 8M
 Heap Initial Capacity: 64M
 Heap Max Capacity: 998M
 Pre-touch: Disabled
 Parallel Workers: 8
 Concurrent Workers: 2
 Concurrent Refinement Workers: 8
 Periodic GC: Disabled
Heap:
 garbage-first heap   total 176128K, used 83084K [0x00000000c1a00000, 0x0000000100000000)
  region size 1024K, 17 young (17408K), 9 survivors (9216K)
 Metaspace       used 41619K, capacity 41999K, committed 42288K, reserved 1087488K
  class space    used 4775K, capacity 4909K, committed 4992K, reserved 1048576K
GC Heap History (20 events):
Event: 3.635 GC heap before
{Heap before GC invocations=13 (full 0):
 garbage-first heap   total 95232K, used 71861K [0x00000000c1a00000, 0x0000000100000000)
  region size 1024K, 25 young (25600K), 2 survivors (2048K)
 Metaspace       used 22416K, capacity 22608K, committed 22832K, reserved 1069056K
  class space    used 2336K, capacity 2407K, committed 2432K, reserved 1048576K
}
Event: 3.641 GC heap after
{Heap after GC invocations=14 (full 0):
 garbage-first heap   total 114688K, used 53974K [0x00000000c1a00000, 0x0000000100000000)
  region size 1024K, 4 young (4096K), 4 survivors (4096K)
 Metaspace       used 22416K, capacity 22608K, committed 22832K, reserved 1069056K
  class space    used 2336K, capacity 2407K, committed 2432K, reserved 1048576K
}
Event: 4.045 GC heap before
{Heap before GC invocations=14 (full 0):
 garbage-first heap   total 114688K, used 86742K [0x00000000c1a00000, 0x0000000100000000)
  region size 1024K, 36 young (36864K), 4 survivors (4096K)
 Metaspace       used 24768K, capacity 25094K, committed 25264K, reserved 1071104K
  class space    used 2707K, capacity 2807K, committed 2816K, reserved 1048576K
}
Event: 4.055 GC heap after
{Heap after GC invocations=15 (full 0):
 garbage-first heap   total 114688K, used 58689K [0x00000000c1a00000, 0x0000000100000000)
  region size 1024K, 5 young (5120K), 5 survivors (5120K)
 Metaspace       used 24768K, capacity 25094K, committed 25264K, reserved 1071104K
  class space    used 2707K, capacity 2807K, committed 2816K, reserved 1048576K
}
Event: 4.360 GC heap before
{Heap before GC invocations=15 (full 0):
 garbage-first heap   total 114688K, used 88385K [0x00000000c1a00000, 0x0000000100000000)
  region size 1024K, 34 young (34816K), 5 survivors (5120K)
 Metaspace       used 26843K, capacity 27097K, committed 27312K, reserved 1073152K
  class space    used 2907K, capacity 3003K, committed 3072K, reserved 1048576K
}
Event: 4.368 GC heap after
{Heap after GC invocations=16 (full 0):
 garbage-first heap   total 114688K, used 63417K [0x00000000c1a00000, 0x0000000100000000)
  region size 1024K, 5 young (5120K), 5 survivors (5120K)
 Metaspace       used 26843K, capacity 27097K, committed 27312K, reserved 1073152K
  class space    used 2907K, capacity 3003K, committed 3072K, reserved 1048576K
}
Event: 4.605 GC heap before
{Heap before GC invocations=17 (full 0):
 garbage-first heap   total 114688K, used 87993K [0x00000000c1a00000, 0x0000000100000000)
  region size 1024K, 30 young (30720K), 5 survivors (5120K)
 Metaspace       used 27896K, capacity 28185K, committed 28464K, reserved 1075200K
  class space    used 3047K, capacity 3131K, committed 3200K, reserved 1048576K
}
Event: 4.614 GC heap after
{Heap after GC invocations=18 (full 0):
 garbage-first heap   total 114688K, used 67562K [0x00000000c1a00000, 0x0000000100000000)
  region size 1024K, 4 young (4096K), 4 survivors (4096K)
 Metaspace       used 27896K, capacity 28185K, committed 28464K, reserved 1075200K
  class space    used 3047K, capacity 3131K, committed 3200K, reserved 1048576K
}
Event: 4.626 GC heap before
{Heap before GC invocations=18 (full 0):
 garbage-first heap   total 114688K, used 68586K [0x00000000c1a00000, 0x0000000100000000)
  region size 1024K, 5 young (5120K), 4 survivors (4096K)
 Metaspace       used 27993K, capacity 28249K, committed 28464K, reserved 1075200K
  class space    used 3057K, capacity 3131K, committed 3200K, reserved 1048576K
}
Event: 4.638 GC heap after
{Heap after GC invocations=19 (full 0):
 garbage-first heap   total 138240K, used 62478K [0x00000000c1a00000, 0x0000000100000000)
  region size 1024K, 1 young (1024K), 1 survivors (1024K)
 Metaspace       used 27993K, capacity 28249K, committed 28464K, reserved 1075200K
  class space    used 3057K, capacity 3131K, committed 3200K, reserved 1048576K
}
Event: 5.074 GC heap before
{Heap before GC invocations=19 (full 0):
 garbage-first heap   total 138240K, used 106510K [0x00000000c1a00000, 0x0000000100000000)
  region size 1024K, 44 young (45056K), 1 survivors (1024K)
 Metaspace       used 30662K, capacity 30988K, committed 31152K, reserved 1077248K
  class space    used 3393K, capacity 3487K, committed 3584K, reserved 1048576K
}
Event: 5.082 GC heap after
{Heap after GC invocations=20 (full 0):
 garbage-first heap   total 138240K, used 67057K [0x00000000c1a00000, 0x0000000100000000)
  region size 1024K, 6 young (6144K), 6 survivors (6144K)
 Metaspace       used 30662K, capacity 30988K, committed 31152K, reserved 1077248K
  class space    used 3393K, capacity 3487K, committed 3584K, reserved 1048576K
}
Event: 5.539 GC heap before
{Heap before GC invocations=21 (full 0):
 garbage-first heap   total 138240K, used 105969K [0x00000000c1a00000, 0x0000000100000000)
  region size 1024K, 44 young (45056K), 6 survivors (6144K)
 Metaspace       used 33960K, capacity 34220K, committed 34352K, reserved 1079296K
  class space    used 3773K, capacity 3878K, committed 3968K, reserved 1048576K
}
Event: 5.550 GC heap after
{Heap after GC invocations=22 (full 0):
 garbage-first heap   total 138240K, used 71893K [0x00000000c1a00000, 0x0000000100000000)
  region size 1024K, 5 young (5120K), 5 survivors (5120K)
 Metaspace       used 33960K, capacity 34220K, committed 34352K, reserved 1079296K
  class space    used 3773K, capacity 3878K, committed 3968K, reserved 1048576K
}
Event: 5.594 GC heap before
{Heap before GC invocations=22 (full 0):
 garbage-first heap   total 138240K, used 72917K [0x00000000c1a00000, 0x0000000100000000)
  region size 1024K, 6 young (6144K), 5 survivors (5120K)
 Metaspace       used 34450K, capacity 34735K, committed 34864K, reserved 1081344K
  class space    used 3829K, capacity 3943K, committed 3968K, reserved 1048576K
}
Event: 5.608 GC heap after
{Heap after GC invocations=23 (full 0):
 garbage-first heap   total 138240K, used 67305K [0x00000000c1a00000, 0x0000000100000000)
  region size 1024K, 1 young (1024K), 1 survivors (1024K)
 Metaspace       used 34450K, capacity 34735K, committed 34864K, reserved 1081344K
  class space    used 3829K, capacity 3943K, committed 3968K, reserved 1048576K
}
Event: 5.962 GC heap before
{Heap before GC invocations=23 (full 0):
 garbage-first heap   total 138240K, used 107241K [0x00000000c1a00000, 0x0000000100000000)
  region size 1024K, 40 young (40960K), 1 survivors (1024K)
 Metaspace       used 36317K, capacity 36726K, committed 36912K, reserved 1081344K
  class space    used 4065K, capacity 4201K, committed 4224K, reserved 1048576K
}
Event: 5.970 GC heap after
{Heap after GC invocations=24 (full 0):
 garbage-first heap   total 176128K, used 70673K [0x00000000c1a00000, 0x0000000100000000)
  region size 1024K, 5 young (5120K), 5 survivors (5120K)
 Metaspace       used 36317K, capacity 36726K, committed 36912K, reserved 1081344K
  class space    used 4065K, capacity 4201K, committed 4224K, reserved 1048576K
}
Event: 15.212 GC heap before
{Heap before GC invocations=25 (full 0):
 garbage-first heap   total 176128K, used 136209K [0x00000000c1a00000, 0x0000000100000000)
  region size 1024K, 69 young (70656K), 5 survivors (5120K)
 Metaspace       used 40869K, capacity 41227K, committed 41392K, reserved 1085440K
  class space    used 4682K, capacity 4803K, committed 4864K, reserved 1048576K
}
Event: 15.219 GC heap after
{Heap after GC invocations=26 (full 0):
 garbage-first heap   total 176128K, used 75916K [0x00000000c1a00000, 0x0000000100000000)
  region size 1024K, 9 young (9216K), 9 survivors (9216K)
 Metaspace       used 40869K, capacity 41227K, committed 41392K, reserved 1085440K
  class space    used 4682K, capacity 4803K, committed 4864K, reserved 1048576K
}

