# JRE version: Java(TM) SE Runtime Environment (15.0.2+7) (build 15.0.2+7-27)
# Java VM: Java HotSpot(TM) 64-Bit Server VM (15.0.2+7-27, mixed mode, sharing, tiered, compressed oops, g1 gc, windows-amd64)
GC Precious Log:
 CPUs: 8 total, 8 available
 Memory: 3984M
 Large Page Support: Disabled
 NUMA Support: Disabled
 Compressed Oops: Enabled (32-bit)
 Heap Region Size: 1M
 Heap Min Capacity: 8M
 Heap Initial Capacity: 64M
 Heap Max Capacity: 998M
 Pre-touch: Disabled
 Parallel Workers: 8
 Concurrent Workers: 2
 Concurrent Refinement Workers: 8
 Periodic GC: Disabled
Heap:
 garbage-first heap   total 222208K, used 130416K [0x00000000c1a00000, 0x0000000100000000)
  region size 1024K, 3 young (3072K), 1 survivors (1024K)
 Metaspace       used 44364K, capacity 44807K, committed 45104K, reserved 1089536K
  class space    used 5049K, capacity 5205K, committed 5248K, reserved 1048576K
GC Heap History (20 events):
Event: 5.861 GC heap before
{Heap before GC invocations=21 (full 0):
 garbage-first heap   total 114688K, used 88609K [0x00000000c1a00000, 0x0000000100000000)
  region size 1024K, 28 young (28672K), 4 survivors (4096K)
 Metaspace       used 30787K, capacity 31116K, committed 31408K, reserved 1077248K
  class space    used 3403K, capacity 3487K, committed 3584K, reserved 1048576K
}
Event: 5.868 GC heap after
{Heap after GC invocations=22 (full 0):
 garbage-first heap   total 114688K, used 66616K [0x00000000c1a00000, 0x0000000100000000)
  region size 1024K, 3 young (3072K), 3 survivors (3072K)
 Metaspace       used 30787K, capacity 31116K, committed 31408K, reserved 1077248K
  class space    used 3403K, capacity 3487K, committed 3584K, reserved 1048576K
}
Event: 6.234 GC heap before
{Heap before GC invocations=23 (full 0):
 garbage-first heap   total 116736K, used 90168K [0x00000000c1a00000, 0x0000000100000000)
  region size 1024K, 26 young (26624K), 3 survivors (3072K)
 Metaspace       used 32152K, capacity 32396K, committed 32560K, reserved 1079296K
  class space    used 3592K, capacity 3679K, committed 3712K, reserved 1048576K
}
Event: 6.239 GC heap after
{Heap after GC invocations=24 (full 0):
 garbage-first heap   total 140288K, used 68959K [0x00000000c1a00000, 0x0000000100000000)
  region size 1024K, 3 young (3072K), 3 survivors (3072K)
 Metaspace       used 32152K, capacity 32396K, committed 32560K, reserved 1079296K
  class space    used 3592K, capacity 3679K, committed 3712K, reserved 1048576K
}
Event: 6.269 GC heap before
{Heap before GC invocations=24 (full 0):
 garbage-first heap   total 140288K, used 72031K [0x00000000c1a00000, 0x0000000100000000)
  region size 1024K, 6 young (6144K), 3 survivors (3072K)
 Metaspace       used 32316K, capacity 32620K, committed 32816K, reserved 1079296K
  class space    used 3605K, capacity 3711K, committed 3712K, reserved 1048576K
}
Event: 6.273 GC heap after
{Heap after GC invocations=25 (full 0):
 garbage-first heap   total 140288K, used 69697K [0x00000000c1a00000, 0x0000000100000000)
  region size 1024K, 1 young (1024K), 1 survivors (1024K)
 Metaspace       used 32316K, capacity 32620K, committed 32816K, reserved 1079296K
  class space    used 3605K, capacity 3711K, committed 3712K, reserved 1048576K
}
Event: 6.704 GC heap before
{Heap before GC invocations=25 (full 0):
 garbage-first heap   total 140288K, used 107585K [0x00000000c1a00000, 0x0000000100000000)
  region size 1024K, 38 young (38912K), 1 survivors (1024K)
 Metaspace       used 35622K, capacity 35958K, committed 36016K, reserved 1081344K
  class space    used 3976K, capacity 4073K, committed 4096K, reserved 1048576K
}
Event: 6.710 GC heap after
{Heap after GC invocations=26 (full 0):
 garbage-first heap   total 140288K, used 74337K [0x00000000c1a00000, 0x0000000100000000)
  region size 1024K, 5 young (5120K), 5 survivors (5120K)
 Metaspace       used 35622K, capacity 35958K, committed 36016K, reserved 1081344K
  class space    used 3976K, capacity 4073K, committed 4096K, reserved 1048576K
}
Event: 7.619 GC heap before
{Heap before GC invocations=27 (full 0):
 garbage-first heap   total 140288K, used 109153K [0x00000000c1a00000, 0x0000000100000000)
  region size 1024K, 39 young (39936K), 5 survivors (5120K)
 Metaspace       used 38027K, capacity 38337K, committed 38448K, reserved 1083392K
  class space    used 4283K, capacity 4374K, committed 4480K, reserved 1048576K
}
Event: 7.627 GC heap after
{Heap after GC invocations=28 (full 0):
 garbage-first heap   total 140288K, used 78308K [0x00000000c1a00000, 0x0000000100000000)
  region size 1024K, 4 young (4096K), 4 survivors (4096K)
 Metaspace       used 38027K, capacity 38337K, committed 38448K, reserved 1083392K
  class space    used 4283K, capacity 4374K, committed 4480K, reserved 1048576K
}
Event: 7.928 GC heap before
{Heap before GC invocations=28 (full 0):
 garbage-first heap   total 140288K, used 111076K [0x00000000c1a00000, 0x0000000100000000)
  region size 1024K, 36 young (36864K), 4 survivors (4096K)
 Metaspace       used 39867K, capacity 40231K, committed 40496K, reserved 1085440K
  class space    used 4551K, capacity 4664K, committed 4736K, reserved 1048576K
}
Event: 7.933 GC heap after
{Heap after GC invocations=29 (full 0):
 garbage-first heap   total 140288K, used 80988K [0x00000000c1a00000, 0x0000000100000000)
  region size 1024K, 3 young (3072K), 3 survivors (3072K)
 Metaspace       used 39867K, capacity 40231K, committed 40496K, reserved 1085440K
  class space    used 4551K, capacity 4664K, committed 4736K, reserved 1048576K
}
Event: 22.763 GC heap before
{Heap before GC invocations=30 (full 0):
 garbage-first heap   total 158720K, used 154716K [0x00000000c1a00000, 0x0000000100000000)
  region size 1024K, 34 young (34816K), 3 survivors (3072K)
 Metaspace       used 44342K, capacity 44679K, committed 44848K, reserved 1089536K
  class space    used 5049K, capacity 5205K, committed 5248K, reserved 1048576K
}
Event: 22.768 GC heap after
{Heap after GC invocations=31 (full 0):
 garbage-first heap   total 161792K, used 117471K [0x00000000c1a00000, 0x0000000100000000)
  region size 1024K, 5 young (5120K), 5 survivors (5120K)
 Metaspace       used 44342K, capacity 44679K, committed 44848K, reserved 1089536K
  class space    used 5049K, capacity 5205K, committed 5248K, reserved 1048576K
}
Event: 22.772 GC heap before
{Heap before GC invocations=31 (full 0):
 garbage-first heap   total 161792K, used 125663K [0x00000000c1a00000, 0x0000000100000000)
  region size 1024K, 7 young (7168K), 5 survivors (5120K)
 Metaspace       used 44342K, capacity 44679K, committed 44848K, reserved 1089536K
  class space    used 5049K, capacity 5205K, committed 5248K, reserved 1048576K
}
Event: 22.775 GC heap after
{Heap after GC invocations=32 (full 0):
 garbage-first heap   total 161792K, used 117960K [0x00000000c1a00000, 0x0000000100000000)
  region size 1024K, 1 young (1024K), 1 survivors (1024K)
 Metaspace       used 44342K, capacity 44679K, committed 44848K, reserved 1089536K
  class space    used 5049K, capacity 5205K, committed 5248K, reserved 1048576K
}
Event: 22.853 GC heap before
{Heap before GC invocations=32 (full 0):
 garbage-first heap   total 161792K, used 142536K [0x00000000c1a00000, 0x0000000100000000)
  region size 1024K, 20 young (20480K), 1 survivors (1024K)
 Metaspace       used 44357K, capacity 44743K, committed 44848K, reserved 1089536K
  class space    used 5049K, capacity 5205K, committed 5248K, reserved 1048576K
}
Event: 22.855 GC heap after
{Heap after GC invocations=33 (full 0):
 garbage-first heap   total 161792K, used 124407K [0x00000000c1a00000, 0x0000000100000000)
  region size 1024K, 1 young (1024K), 1 survivors (1024K)
 Metaspace       used 44357K, capacity 44743K, committed 44848K, reserved 1089536K
  class space    used 5049K, capacity 5205K, committed 5248K, reserved 1048576K
}
Event: 22.932 GC heap before
{Heap before GC invocations=33 (full 0):
 garbage-first heap   total 161792K, used 151031K [0x00000000c1a00000, 0x0000000100000000)
  region size 1024K, 16 young (16384K), 1 survivors (1024K)
 Metaspace       used 44364K, capacity 44807K, committed 45104K, reserved 1089536K
  class space    used 5049K, capacity 5205K, committed 5248K, reserved 1048576K
}
Event: 22.933 GC heap after
{Heap after GC invocations=34 (full 0):
 garbage-first heap   total 161792K, used 136560K [0x00000000c1a00000, 0x0000000100000000)
  region size 1024K, 1 young (1024K), 1 survivors (1024K)
 Metaspace       used 44364K, capacity 44807K, committed 45104K, reserved 1089536K
  class space    used 5049K, capacity 5205K, committed 5248K, reserved 1048576K
}

