# JRE version: Java(TM) SE Runtime Environment (15.0.2+7) (build 15.0.2+7-27)
# Java VM: Java HotSpot(TM) 64-Bit Server VM (15.0.2+7-27, mixed mode, sharing, tiered, compressed oops, g1 gc, windows-amd64)
GC Precious Log:
 CPUs: 8 total, 8 available
 Memory: 3984M
 Large Page Support: Disabled
 NUMA Support: Disabled
 Compressed Oops: Enabled (32-bit)
 Heap Region Size: 1M
 Heap Min Capacity: 8M
 Heap Initial Capacity: 64M
 Heap Max Capacity: 998M
 Pre-touch: Disabled
 Parallel Workers: 8
 Concurrent Workers: 2
 Concurrent Refinement Workers: 8
 Periodic GC: Disabled
Heap:
 garbage-first heap   total 275456K, used 121024K [0x00000000c1a00000, 0x0000000100000000)
  region size 1024K, 7 young (7168K), 2 survivors (2048K)
 Metaspace       used 40978K, capacity 41395K, committed 41648K, reserved 1085440K
  class space    used 4641K, capacity 4784K, committed 4864K, reserved 1048576K
GC Heap History (20 events):
Event: 19.048 GC heap before
{Heap before GC invocations=65 (full 0):
 garbage-first heap   total 275456K, used 138951K [0x00000000c1a00000, 0x0000000100000000)
  region size 1024K, 3 young (3072K), 2 survivors (2048K)
 Metaspace       used 39267K, capacity 39668K, committed 39856K, reserved 1085440K
  class space    used 4398K, capacity 4558K, committed 4608K, reserved 1048576K
}
Event: 19.050 GC heap after
{Heap after GC invocations=66 (full 0):
 garbage-first heap   total 275456K, used 120461K [0x00000000c1a00000, 0x0000000100000000)
  region size 1024K, 2 young (2048K), 2 survivors (2048K)
 Metaspace       used 39267K, capacity 39668K, committed 39856K, reserved 1085440K
  class space    used 4398K, capacity 4558K, committed 4608K, reserved 1048576K
}
Event: 19.151 GC heap before
{Heap before GC invocations=67 (full 0):
 garbage-first heap   total 275456K, used 138893K [0x00000000c1a00000, 0x0000000100000000)
  region size 1024K, 3 young (3072K), 2 survivors (2048K)
 Metaspace       used 39269K, capacity 39668K, committed 39856K, reserved 1085440K
  class space    used 4398K, capacity 4558K, committed 4608K, reserved 1048576K
}
Event: 19.152 GC heap after
{Heap after GC invocations=68 (full 0):
 garbage-first heap   total 275456K, used 120553K [0x00000000c1a00000, 0x0000000100000000)
  region size 1024K, 2 young (2048K), 2 survivors (2048K)
 Metaspace       used 39269K, capacity 39668K, committed 39856K, reserved 1085440K
  class space    used 4398K, capacity 4558K, committed 4608K, reserved 1048576K
}
Event: 19.249 GC heap before
{Heap before GC invocations=69 (full 0):
 garbage-first heap   total 275456K, used 138985K [0x00000000c1a00000, 0x0000000100000000)
  region size 1024K, 3 young (3072K), 2 survivors (2048K)
 Metaspace       used 39270K, capacity 39668K, committed 39856K, reserved 1085440K
  class space    used 4398K, capacity 4558K, committed 4608K, reserved 1048576K
}
Event: 19.250 GC heap after
{Heap after GC invocations=70 (full 0):
 garbage-first heap   total 275456K, used 120479K [0x00000000c1a00000, 0x0000000100000000)
  region size 1024K, 2 young (2048K), 2 survivors (2048K)
 Metaspace       used 39270K, capacity 39668K, committed 39856K, reserved 1085440K
  class space    used 4398K, capacity 4558K, committed 4608K, reserved 1048576K
}
Event: 19.319 GC heap before
{Heap before GC invocations=71 (full 0):
 garbage-first heap   total 275456K, used 132767K [0x00000000c1a00000, 0x0000000100000000)
  region size 1024K, 3 young (3072K), 2 survivors (2048K)
 Metaspace       used 39271K, capacity 39668K, committed 39856K, reserved 1085440K
  class space    used 4398K, capacity 4558K, committed 4608K, reserved 1048576K
}
Event: 19.321 GC heap after
{Heap after GC invocations=72 (full 0):
 garbage-first heap   total 275456K, used 114408K [0x00000000c1a00000, 0x0000000100000000)
  region size 1024K, 2 young (2048K), 2 survivors (2048K)
 Metaspace       used 39271K, capacity 39668K, committed 39856K, reserved 1085440K
  class space    used 4398K, capacity 4558K, committed 4608K, reserved 1048576K
}
Event: 19.418 GC heap before
{Heap before GC invocations=73 (full 0):
 garbage-first heap   total 275456K, used 132840K [0x00000000c1a00000, 0x0000000100000000)
  region size 1024K, 3 young (3072K), 2 survivors (2048K)
 Metaspace       used 39274K, capacity 39668K, committed 39856K, reserved 1085440K
  class space    used 4398K, capacity 4558K, committed 4608K, reserved 1048576K
}
Event: 19.419 GC heap after
{Heap after GC invocations=74 (full 0):
 garbage-first heap   total 275456K, used 120536K [0x00000000c1a00000, 0x0000000100000000)
  region size 1024K, 2 young (2048K), 2 survivors (2048K)
 Metaspace       used 39274K, capacity 39668K, committed 39856K, reserved 1085440K
  class space    used 4398K, capacity 4558K, committed 4608K, reserved 1048576K
}
Event: 19.526 GC heap before
{Heap before GC invocations=75 (full 0):
 garbage-first heap   total 275456K, used 138968K [0x00000000c1a00000, 0x0000000100000000)
  region size 1024K, 3 young (3072K), 2 survivors (2048K)
 Metaspace       used 39275K, capacity 39668K, committed 39856K, reserved 1085440K
  class space    used 4398K, capacity 4558K, committed 4608K, reserved 1048576K
}
Event: 19.528 GC heap after
{Heap after GC invocations=76 (full 0):
 garbage-first heap   total 275456K, used 118451K [0x00000000c1a00000, 0x0000000100000000)
  region size 1024K, 1 young (1024K), 1 survivors (1024K)
 Metaspace       used 39275K, capacity 39668K, committed 39856K, reserved 1085440K
  class space    used 4398K, capacity 4558K, committed 4608K, reserved 1048576K
}
Event: 19.650 GC heap before
{Heap before GC invocations=77 (full 0):
 garbage-first heap   total 275456K, used 162483K [0x00000000c1a00000, 0x0000000100000000)
  region size 1024K, 26 young (26624K), 1 survivors (1024K)
 Metaspace       used 39277K, capacity 39668K, committed 39856K, reserved 1085440K
  class space    used 4398K, capacity 4558K, committed 4608K, reserved 1048576K
}
Event: 19.651 GC heap after
{Heap after GC invocations=78 (full 0):
 garbage-first heap   total 275456K, used 122898K [0x00000000c1a00000, 0x0000000100000000)
  region size 1024K, 1 young (1024K), 1 survivors (1024K)
 Metaspace       used 39277K, capacity 39668K, committed 39856K, reserved 1085440K
  class space    used 4398K, capacity 4558K, committed 4608K, reserved 1048576K
}
Event: 19.753 GC heap before
{Heap before GC invocations=79 (full 0):
 garbage-first heap   total 275456K, used 170002K [0x00000000c1a00000, 0x0000000100000000)
  region size 1024K, 39 young (39936K), 1 survivors (1024K)
 Metaspace       used 39277K, capacity 39668K, committed 39856K, reserved 1085440K
  class space    used 4398K, capacity 4558K, committed 4608K, reserved 1048576K
}
Event: 19.754 GC heap after
{Heap after GC invocations=80 (full 0):
 garbage-first heap   total 275456K, used 117752K [0x00000000c1a00000, 0x0000000100000000)
  region size 1024K, 1 young (1024K), 1 survivors (1024K)
 Metaspace       used 39277K, capacity 39668K, committed 39856K, reserved 1085440K
  class space    used 4398K, capacity 4558K, committed 4608K, reserved 1048576K
}
Event: 19.858 GC heap before
{Heap before GC invocations=81 (full 0):
 garbage-first heap   total 275456K, used 181240K [0x00000000c1a00000, 0x0000000100000000)
  region size 1024K, 53 young (54272K), 1 survivors (1024K)
 Metaspace       used 39277K, capacity 39668K, committed 39856K, reserved 1085440K
  class space    used 4398K, capacity 4558K, committed 4608K, reserved 1048576K
}
Event: 19.859 GC heap after
{Heap after GC invocations=82 (full 0):
 garbage-first heap   total 275456K, used 119811K [0x00000000c1a00000, 0x0000000100000000)
  region size 1024K, 1 young (1024K), 1 survivors (1024K)
 Metaspace       used 39277K, capacity 39668K, committed 39856K, reserved 1085440K
  class space    used 4398K, capacity 4558K, committed 4608K, reserved 1048576K
}
Event: 19.960 GC heap before
{Heap before GC invocations=83 (full 0):
 garbage-first heap   total 275456K, used 139267K [0x00000000c1a00000, 0x0000000100000000)
  region size 1024K, 12 young (12288K), 1 survivors (1024K)
 Metaspace       used 39307K, capacity 39698K, committed 39856K, reserved 1085440K
  class space    used 4403K, capacity 4567K, committed 4608K, reserved 1048576K
}
Event: 19.961 GC heap after
{Heap after GC invocations=84 (full 0):
 garbage-first heap   total 275456K, used 111580K [0x00000000c1a00000, 0x0000000100000000)
  region size 1024K, 1 young (1024K), 1 survivors (1024K)
 Metaspace       used 39307K, capacity 39698K, committed 39856K, reserved 1085440K
  class space    used 4403K, capacity 4567K, committed 4608K, reserved 1048576K
}

